# JRE version: OpenJDK Runtime Environment 18.9 (11.0.11+9) (build 11.0.11+9)
# Java VM: OpenJDK 64-Bit Server VM 18.9 (11.0.11+9, mixed mode, tiered, compressed oops, g1 gc, linux-amd64)
Heap:
 garbage-first heap   total 524288K, used 302487K [0x0000000700000000, 0x0000000800000000)
  region size 1024K, 104 young (106496K), 3 survivors (3072K)
 Metaspace       used 116309K, capacity 123445K, committed 123600K, reserved 1157120K
  class space    used 12741K, capacity 15088K, committed 15104K, reserved 1048576K
GC Heap History (20 events):
Event: 92.484 GC heap before
{Heap before GC invocations=13 (full 0):
 garbage-first heap   total 524288K, used 315504K [0x0000000700000000, 0x0000000800000000)
  region size 1024K, 244 young (249856K), 13 survivors (13312K)
 Metaspace       used 99303K, capacity 105983K, committed 106192K, reserved 1142784K
  class space    used 10743K, capacity 12983K, committed 13056K, reserved 1048576K
}
Event: 92.648 GC heap after
{Heap after GC invocations=14 (full 0):
 garbage-first heap   total 524288K, used 140995K [0x0000000700000000, 0x0000000800000000)
  region size 1024K, 31 young (31744K), 31 survivors (31744K)
 Metaspace       used 99303K, capacity 105983K, committed 106192K, reserved 1142784K
  class space    used 10743K, capacity 12983K, committed 13056K, reserved 1048576K
}
Event: 92.764 GC heap before
{Heap before GC invocations=15 (full 0):
 garbage-first heap   total 524288K, used 163523K [0x0000000700000000, 0x0000000800000000)
  region size 1024K, 53 young (54272K), 31 survivors (31744K)
 Metaspace       used 99377K, capacity 106047K, committed 106192K, reserved 1142784K
  class space    used 10754K, capacity 12983K, committed 13056K, reserved 1048576K
}
Event: 92.804 GC heap after
{Heap after GC invocations=16 (full 0):
 garbage-first heap   total 524288K, used 152169K [0x0000000700000000, 0x0000000800000000)
  region size 1024K, 7 young (7168K), 7 survivors (7168K)
 Metaspace       used 99377K, capacity 106047K, committed 106192K, reserved 1142784K
  class space    used 10754K, capacity 12983K, committed 13056K, reserved 1048576K
}
Event: 94.143 GC heap before
{Heap before GC invocations=16 (full 0):
 garbage-first heap   total 524288K, used 293481K [0x0000000700000000, 0x0000000800000000)
  region size 1024K, 145 young (148480K), 7 survivors (7168K)
 Metaspace       used 105044K, capacity 111712K, committed 111952K, reserved 1146880K
  class space    used 11381K, capacity 13593K, committed 13696K, reserved 1048576K
}
Event: 94.235 GC heap after
{Heap after GC invocations=17 (full 0):
 garbage-first heap   total 524288K, used 171841K [0x0000000700000000, 0x0000000800000000)
  region size 1024K, 19 young (19456K), 19 survivors (19456K)
 Metaspace       used 105044K, capacity 111712K, committed 111952K, reserved 1146880K
  class space    used 11381K, capacity 13593K, committed 13696K, reserved 1048576K
}
Event: 94.560 GC heap before
{Heap before GC invocations=17 (full 0):
 garbage-first heap   total 524288K, used 317249K [0x0000000700000000, 0x0000000800000000)
  region size 1024K, 161 young (164864K), 19 survivors (19456K)
 Metaspace       used 107459K, capacity 114384K, committed 114512K, reserved 1148928K
  class space    used 11731K, capacity 14104K, committed 14208K, reserved 1048576K
}
Event: 94.570 GC heap after
{Heap after GC invocations=18 (full 0):
 garbage-first heap   total 524288K, used 178094K [0x0000000700000000, 0x0000000800000000)
  region size 1024K, 5 young (5120K), 5 survivors (5120K)
 Metaspace       used 107459K, capacity 114384K, committed 114512K, reserved 1148928K
  class space    used 11731K, capacity 14104K, committed 14208K, reserved 1048576K
}
Event: 95.861 GC heap before
{Heap before GC invocations=18 (full 0):
 garbage-first heap   total 524288K, used 331694K [0x0000000700000000, 0x0000000800000000)
  region size 1024K, 155 young (158720K), 5 survivors (5120K)
 Metaspace       used 109080K, capacity 116036K, committed 116176K, reserved 1150976K
  class space    used 11924K, capacity 14243K, committed 14336K, reserved 1048576K
}
Event: 95.875 GC heap after
{Heap after GC invocations=19 (full 0):
 garbage-first heap   total 524288K, used 188877K [0x0000000700000000, 0x0000000800000000)
  region size 1024K, 16 young (16384K), 16 survivors (16384K)
 Metaspace       used 109080K, capacity 116036K, committed 116176K, reserved 1150976K
  class space    used 11924K, capacity 14243K, committed 14336K, reserved 1048576K
}
Event: 97.580 GC heap before
{Heap before GC invocations=19 (full 0):
 garbage-first heap   total 524288K, used 342477K [0x0000000700000000, 0x0000000800000000)
  region size 1024K, 167 young (171008K), 16 survivors (16384K)
 Metaspace       used 113076K, capacity 120262K, committed 120528K, reserved 1155072K
  class space    used 12455K, capacity 14806K, committed 14848K, reserved 1048576K
}
Event: 97.599 GC heap after
{Heap after GC invocations=20 (full 0):
 garbage-first heap   total 524288K, used 210284K [0x0000000700000000, 0x0000000800000000)
  region size 1024K, 21 young (21504K), 21 survivors (21504K)
 Metaspace       used 113076K, capacity 120262K, committed 120528K, reserved 1155072K
  class space    used 12455K, capacity 14806K, committed 14848K, reserved 1048576K
}
Event: 98.476 GC heap before
{Heap before GC invocations=20 (full 0):
 garbage-first heap   total 524288K, used 347500K [0x0000000700000000, 0x0000000800000000)
  region size 1024K, 155 young (158720K), 21 survivors (21504K)
 Metaspace       used 113433K, capacity 120503K, committed 120528K, reserved 1155072K
  class space    used 12482K, capacity 14841K, committed 14848K, reserved 1048576K
}
Event: 98.495 GC heap after
{Heap after GC invocations=21 (full 0):
 garbage-first heap   total 524288K, used 223218K [0x0000000700000000, 0x0000000800000000)
  region size 1024K, 14 young (14336K), 14 survivors (14336K)
 Metaspace       used 113433K, capacity 120503K, committed 120528K, reserved 1155072K
  class space    used 12482K, capacity 14841K, committed 14848K, reserved 1048576K
}
Event: 102.209 GC heap before
{Heap before GC invocations=21 (full 0):
 garbage-first heap   total 524288K, used 375794K [0x0000000700000000, 0x0000000800000000)
  region size 1024K, 164 young (167936K), 14 survivors (14336K)
 Metaspace       used 115255K, capacity 122490K, committed 122832K, reserved 1157120K
  class space    used 12681K, capacity 15034K, committed 15104K, reserved 1048576K
}
Event: 102.230 GC heap after
{Heap after GC invocations=22 (full 0):
 garbage-first heap   total 524288K, used 245425K [0x0000000700000000, 0x0000000800000000)
  region size 1024K, 21 young (21504K), 21 survivors (21504K)
 Metaspace       used 115255K, capacity 122490K, committed 122832K, reserved 1157120K
  class space    used 12681K, capacity 15034K, committed 15104K, reserved 1048576K
}
Event: 120.431 GC heap before
{Heap before GC invocations=22 (full 0):
 garbage-first heap   total 524288K, used 392881K [0x0000000700000000, 0x0000000800000000)
  region size 1024K, 164 young (167936K), 21 survivors (21504K)
 Metaspace       used 115811K, capacity 123038K, committed 123344K, reserved 1157120K
  class space    used 12716K, capacity 15045K, committed 15104K, reserved 1048576K
}
Event: 120.445 GC heap after
{Heap after GC invocations=23 (full 0):
 garbage-first heap   total 524288K, used 256565K [0x0000000700000000, 0x0000000800000000)
  region size 1024K, 14 young (14336K), 14 survivors (14336K)
 Metaspace       used 115811K, capacity 123038K, committed 123344K, reserved 1157120K
  class space    used 12716K, capacity 15045K, committed 15104K, reserved 1048576K
}
Event: 412.083 GC heap before
{Heap before GC invocations=23 (full 0):
 garbage-first heap   total 524288K, used 402997K [0x0000000700000000, 0x0000000800000000)
  region size 1024K, 157 young (160768K), 14 survivors (14336K)
 Metaspace       used 116249K, capacity 123432K, committed 123600K, reserved 1157120K
  class space    used 12739K, capacity 15086K, committed 15104K, reserved 1048576K
}
Event: 412.091 GC heap after
{Heap after GC invocations=24 (full 0):
 garbage-first heap   total 524288K, used 259479K [0x0000000700000000, 0x0000000800000000)
  region size 1024K, 3 young (3072K), 3 survivors (3072K)
 Metaspace       used 116249K, capacity 123432K, committed 123600K, reserved 1157120K
  class space    used 12739K, capacity 15086K, committed 15104K, reserved 1048576K
}

