# JRE version: OpenJDK Runtime Environment 18.9 (11.0.11+9) (build 11.0.11+9)
# Java VM: OpenJDK 64-Bit Server VM 18.9 (11.0.11+9, mixed mode, tiered, compressed oops, g1 gc, linux-amd64)
Heap:
 garbage-first heap   total 524288K, used 356443K [0x0000000700000000, 0x0000000800000000)
  region size 1024K, 64 young (65536K), 3 survivors (3072K)
 Metaspace       used 139450K, capacity 146045K, committed 148068K, reserved 1179648K
  class space    used 14752K, capacity 17019K, committed 17612K, reserved 1048576K
GC Heap History (20 events):
Event: 2273.127 GC heap before
{Heap before GC invocations=50 (full 0):
 garbage-first heap   total 524288K, used 441331K [0x0000000700000000, 0x0000000800000000)
  region size 1024K, 129 young (132096K), 3 survivors (3072K)
 Metaspace       used 139330K, capacity 146592K, committed 147044K, reserved 1179648K
  class space    used 15001K, capacity 17543K, committed 17612K, reserved 1048576K
}
Event: 2273.135 GC heap after
{Heap after GC invocations=51 (full 0):
 garbage-first heap   total 524288K, used 312639K [0x0000000700000000, 0x0000000800000000)
  region size 1024K, 3 young (3072K), 3 survivors (3072K)
 Metaspace       used 139330K, capacity 146592K, committed 147044K, reserved 1179648K
  class space    used 15001K, capacity 17543K, committed 17612K, reserved 1048576K
}
Event: 3039.466 GC heap before
{Heap before GC invocations=52 (full 0):
 garbage-first heap   total 524288K, used 444735K [0x0000000700000000, 0x0000000800000000)
  region size 1024K, 132 young (135168K), 3 survivors (3072K)
 Metaspace       used 139364K, capacity 146592K, committed 147044K, reserved 1179648K
  class space    used 15001K, capacity 17543K, committed 17612K, reserved 1048576K
}
Event: 3039.471 GC heap after
{Heap after GC invocations=53 (full 0):
 garbage-first heap   total 524288K, used 312665K [0x0000000700000000, 0x0000000800000000)
  region size 1024K, 3 young (3072K), 3 survivors (3072K)
 Metaspace       used 139364K, capacity 146592K, committed 147044K, reserved 1179648K
  class space    used 15001K, capacity 17543K, committed 17612K, reserved 1048576K
}
Event: 4213.520 GC heap before
{Heap before GC invocations=53 (full 0):
 garbage-first heap   total 524288K, used 448857K [0x0000000700000000, 0x0000000800000000)
  region size 1024K, 136 young (139264K), 3 survivors (3072K)
 Metaspace       used 139436K, capacity 146656K, committed 147044K, reserved 1179648K
  class space    used 15001K, capacity 17543K, committed 17612K, reserved 1048576K
}
Event: 4213.525 GC heap after
{Heap after GC invocations=54 (full 0):
 garbage-first heap   total 524288K, used 314336K [0x0000000700000000, 0x0000000800000000)
  region size 1024K, 5 young (5120K), 5 survivors (5120K)
 Metaspace       used 139436K, capacity 146656K, committed 147044K, reserved 1179648K
  class space    used 15001K, capacity 17543K, committed 17612K, reserved 1048576K
}
Event: 8316.695 GC heap before
{Heap before GC invocations=55 (full 0):
 garbage-first heap   total 524288K, used 450528K [0x0000000700000000, 0x0000000800000000)
  region size 1024K, 138 young (141312K), 5 survivors (5120K)
 Metaspace       used 139245K, capacity 145909K, committed 147556K, reserved 1179648K
  class space    used 14796K, capacity 17087K, committed 17612K, reserved 1048576K
}
Event: 8316.700 GC heap after
{Heap after GC invocations=56 (full 0):
 garbage-first heap   total 524288K, used 313672K [0x0000000700000000, 0x0000000800000000)
  region size 1024K, 4 young (4096K), 4 survivors (4096K)
 Metaspace       used 139245K, capacity 145909K, committed 147556K, reserved 1179648K
  class space    used 14796K, capacity 17087K, committed 17612K, reserved 1048576K
}
Event: 8906.252 GC heap before
{Heap before GC invocations=56 (full 0):
 garbage-first heap   total 524288K, used 335176K [0x0000000700000000, 0x0000000800000000)
  region size 1024K, 25 young (25600K), 4 survivors (4096K)
 Metaspace       used 139258K, capacity 145911K, committed 147556K, reserved 1179648K
  class space    used 14796K, capacity 17087K, committed 17612K, reserved 1048576K
}
Event: 8906.267 GC heap after
{Heap after GC invocations=57 (full 0):
 garbage-first heap   total 524288K, used 302541K [0x0000000700000000, 0x0000000800000000)
  region size 1024K, 2 young (2048K), 2 survivors (2048K)
 Metaspace       used 139258K, capacity 145911K, committed 147556K, reserved 1179648K
  class space    used 14796K, capacity 17087K, committed 17612K, reserved 1048576K
}
Event: 9021.316 GC heap before
{Heap before GC invocations=57 (full 0):
 garbage-first heap   total 524288K, used 449997K [0x0000000700000000, 0x0000000800000000)
  region size 1024K, 146 young (149504K), 2 survivors (2048K)
 Metaspace       used 139338K, capacity 146007K, committed 147812K, reserved 1179648K
  class space    used 14803K, capacity 17119K, committed 17612K, reserved 1048576K
}
Event: 9021.322 GC heap after
{Heap after GC invocations=58 (full 0):
 garbage-first heap   total 524288K, used 302469K [0x0000000700000000, 0x0000000800000000)
  region size 1024K, 2 young (2048K), 2 survivors (2048K)
 Metaspace       used 139338K, capacity 146007K, committed 147812K, reserved 1179648K
  class space    used 14803K, capacity 17119K, committed 17612K, reserved 1048576K
}
Event: 10697.167 GC heap before
{Heap before GC invocations=59 (full 0):
 garbage-first heap   total 524288K, used 451973K [0x0000000700000000, 0x0000000800000000)
  region size 1024K, 148 young (151552K), 2 survivors (2048K)
 Metaspace       used 139186K, capacity 145781K, committed 147812K, reserved 1179648K
  class space    used 14751K, capacity 17018K, committed 17612K, reserved 1048576K
}
Event: 10697.174 GC heap after
{Heap after GC invocations=60 (full 0):
 garbage-first heap   total 524288K, used 302441K [0x0000000700000000, 0x0000000800000000)
  region size 1024K, 2 young (2048K), 2 survivors (2048K)
 Metaspace       used 139186K, capacity 145781K, committed 147812K, reserved 1179648K
  class space    used 14751K, capacity 17018K, committed 17612K, reserved 1048576K
}
Event: 10991.830 GC heap before
{Heap before GC invocations=60 (full 0):
 garbage-first heap   total 524288K, used 325993K [0x0000000700000000, 0x0000000800000000)
  region size 1024K, 25 young (25600K), 2 survivors (2048K)
 Metaspace       used 139295K, capacity 145914K, committed 147812K, reserved 1179648K
  class space    used 14751K, capacity 17019K, committed 17612K, reserved 1048576K
}
Event: 10991.842 GC heap after
{Heap after GC invocations=61 (full 0):
 garbage-first heap   total 524288K, used 294342K [0x0000000700000000, 0x0000000800000000)
  region size 1024K, 2 young (2048K), 2 survivors (2048K)
 Metaspace       used 139295K, capacity 145914K, committed 147812K, reserved 1179648K
  class space    used 14751K, capacity 17019K, committed 17612K, reserved 1048576K
}
Event: 11065.547 GC heap before
{Heap before GC invocations=61 (full 0):
 garbage-first heap   total 524288K, used 448966K [0x0000000700000000, 0x0000000800000000)
  region size 1024K, 153 young (156672K), 2 survivors (2048K)
 Metaspace       used 139367K, capacity 145978K, committed 148068K, reserved 1179648K
  class space    used 14751K, capacity 17019K, committed 17612K, reserved 1048576K
}
Event: 11065.554 GC heap after
{Heap after GC invocations=62 (full 0):
 garbage-first heap   total 524288K, used 294457K [0x0000000700000000, 0x0000000800000000)
  region size 1024K, 2 young (2048K), 2 survivors (2048K)
 Metaspace       used 139367K, capacity 145978K, committed 148068K, reserved 1179648K
  class space    used 14751K, capacity 17019K, committed 17612K, reserved 1048576K
}
Event: 12258.091 GC heap before
{Heap before GC invocations=63 (full 0):
 garbage-first heap   total 524288K, used 451129K [0x0000000700000000, 0x0000000800000000)
  region size 1024K, 155 young (158720K), 2 survivors (2048K)
 Metaspace       used 139430K, capacity 145978K, committed 148068K, reserved 1179648K
  class space    used 14752K, capacity 17019K, committed 17612K, reserved 1048576K
}
Event: 12258.097 GC heap after
{Heap after GC invocations=64 (full 0):
 garbage-first heap   total 524288K, used 295003K [0x0000000700000000, 0x0000000800000000)
  region size 1024K, 3 young (3072K), 3 survivors (3072K)
 Metaspace       used 139430K, capacity 145978K, committed 148068K, reserved 1179648K
  class space    used 14752K, capacity 17019K, committed 17612K, reserved 1048576K
}

